<?xml version="1.0" encoding="UTF-8"?>
<testng-results skipped="0" failed="0" total="1" passed="1">
  <reporter-output>
  </reporter-output>
  <suite name="Default suite" duration-ms="12137" started-at="2019-02-13T16:29:01Z" finished-at="2019-02-13T16:29:13Z">
    <groups>
    </groups>
    <test name="Default test" duration-ms="12137" started-at="2019-02-13T16:29:01Z" finished-at="2019-02-13T16:29:13Z">
      <class name="comaniket.automation.ecommerce.Alerts">
        <test-method status="PASS" signature="HandleAlert()[pri:0, instance:comaniket.automation.ecommerce.Alerts@3a82f6ef]" name="HandleAlert" duration-ms="12097" started-at="2019-02-13T21:59:01Z" finished-at="2019-02-13T21:59:13Z">
          <reporter-output>
          </reporter-output>
        </test-method> <!-- HandleAlert -->
      </class> <!-- comaniket.automation.ecommerce.Alerts -->
    </test> <!-- Default test -->
  </suite> <!-- Default suite -->
</testng-results>
