<?xml version="1.0" encoding="UTF-8"?>
<testng-results skipped="0" failed="0" total="1" passed="1">
  <reporter-output>
  </reporter-output>
  <suite name="Default suite" duration-ms="15187" started-at="2019-02-14T17:07:04Z" finished-at="2019-02-14T17:07:19Z">
    <groups>
    </groups>
    <test name="Default test" duration-ms="15187" started-at="2019-02-14T17:07:04Z" finished-at="2019-02-14T17:07:19Z">
      <class name="comaniket.automation.ecommerce.Log4jExample">
        <test-method status="PASS" signature="HandleAlert()[pri:0, instance:comaniket.automation.ecommerce.Log4jExample@643b1d11]" name="HandleAlert" duration-ms="15135" started-at="2019-02-14T22:37:04Z" finished-at="2019-02-14T22:37:19Z">
          <reporter-output>
          </reporter-output>
        </test-method> <!-- HandleAlert -->
      </class> <!-- comaniket.automation.ecommerce.Log4jExample -->
    </test> <!-- Default test -->
  </suite> <!-- Default suite -->
</testng-results>
