<?xml version="1.0" encoding="UTF-8"?>
<!-- Generated by org.testng.reporters.JUnitXMLReporter -->
<testsuite hostname="Aniket-PC" name="Default test" tests="2" failures="0" timestamp="12 Feb 2019 18:05:28 GMT" time="26.019" errors="0">
  <testcase name="DataDrivenTestCase" time="14.149" classname="comaniket.automation.ecommerce.DataDrivenTest"/>
  <testcase name="DataDrivenTestCase" time="11.832" classname="comaniket.automation.ecommerce.DataDrivenTest"/>
</testsuite> <!-- Default test -->
