<?xml version="1.0" encoding="UTF-8"?>
<!-- Generated by org.testng.reporters.JUnitXMLReporter -->
<testsuite hostname="Aniket-PC" name="AutomationSuite Tests" tests="4" failures="0" timestamp="27 Jan 2019 15:34:28 GMT" time="0.082" errors="0">
  <testcase name="Subtract" time="0.02" classname="comaniket.automation.ecommerce.DemoTest"/>
  <testcase name="Sum" time="0.005" classname="comaniket.automation.ecommerce.DemoTest"/>
  <testcase name="Subtract" time="0.007" classname="comaniket.automation.ecommerce.DemoTest2"/>
  <testcase name="Sum" time="0.006" classname="comaniket.automation.ecommerce.DemoTest2"/>
</testsuite> <!-- AutomationSuite Tests -->
